  Building 'passThrough' with toolset 'WindowsKernelModeDriver10.0' and the 'Universal' target platform.
  Stamping x64\Release\passThrough.inf
  Stamping [Version] section with DriverVer=05/09/2024,14.26.8.791
D:\VS_projects\win-driver\passThrough.inf(8-8): warning 1324: [Version] section should specify PnpLockdown=1 to prevent external apps from modifying installed driver files.
D:\VS_projects\win-driver\passThrough.inf(74-74): warning 1205: Section [MiniFilter.DriverFiles] referenced from DelFiles and CopyFiles directive.
  aes.c
C:\Program Files\Microsoft Visual Studio\2022\Community\VC\Tools\MSVC\14.39.33519\include\vcruntime.h(61,26): error C2220: следующее предупреждение рассматривается как ошибка
  passThrough.c
  (компиляция исходного файла "aes.c")
  
C:\Program Files\Microsoft Visual Studio\2022\Community\VC\Tools\MSVC\14.39.33519\include\vcruntime.h(61,26): warning C4083: требуется ")"; обнаружен идентификатор "_VCRUNTIME_DISABLED_WARNINGS"
  (компиляция исходного файла "aes.c")
  
C:\Program Files\Microsoft Visual Studio\2022\Community\VC\Tools\MSVC\14.39.33519\include\vcruntime.h(111,1): warning C4005: _CRT_STRINGIZE: изменение макроопределения
  (компиляция исходного файла "aes.c")
  C:\Program Files (x86)\Windows Kits\10\Include\10.0.22621.0\km\crt\crtdefs.h(85,1):
  см. предыдущее определение "_CRT_STRINGIZE"
  
C:\Program Files\Microsoft Visual Studio\2022\Community\VC\Tools\MSVC\14.39.33519\include\vcruntime.h(114,1): warning C4005: _CRT_WIDE: изменение макроопределения
  (компиляция исходного файла "aes.c")
  C:\Program Files (x86)\Windows Kits\10\Include\10.0.22621.0\km\crt\crtdefs.h(88,1):
  см. предыдущее определение "_CRT_WIDE"
  
C:\Program Files\Microsoft Visual Studio\2022\Community\VC\Tools\MSVC\14.39.33519\include\vcruntime.h(155,1): warning C4005: __CRTDECL: изменение макроопределения
  (компиляция исходного файла "aes.c")
  C:\Program Files (x86)\Windows Kits\10\Include\10.0.22621.0\km\crt\crtdefs.h(640,1):
  см. предыдущее определение "__CRTDECL"
  
C:\Program Files\Microsoft Visual Studio\2022\Community\VC\Tools\MSVC\14.39.33519\include\stdint.h(16,26): warning C4083: требуется ")"; обнаружен идентификатор "_VCRUNTIME_DISABLED_WARNINGS"
  (компиляция исходного файла "aes.c")
  
C:\Program Files\Microsoft Visual Studio\2022\Community\VC\Tools\MSVC\14.39.33519\include\vcruntime.h(61,26): error C2220: следующее предупреждение рассматривается как ошибка
  (компиляция исходного файла "passThrough.c")
  
C:\Program Files\Microsoft Visual Studio\2022\Community\VC\Tools\MSVC\14.39.33519\include\vcruntime.h(61,26): warning C4083: требуется ")"; обнаружен идентификатор "_VCRUNTIME_DISABLED_WARNINGS"
  (компиляция исходного файла "passThrough.c")
  
C:\Program Files\Microsoft Visual Studio\2022\Community\VC\Tools\MSVC\14.39.33519\include\vcruntime.h(111,1): warning C4005: _CRT_STRINGIZE: изменение макроопределения
  (компиляция исходного файла "passThrough.c")
  C:\Program Files (x86)\Windows Kits\10\Include\10.0.22621.0\km\crt\crtdefs.h(85,1):
  см. предыдущее определение "_CRT_STRINGIZE"
  
C:\Program Files\Microsoft Visual Studio\2022\Community\VC\Tools\MSVC\14.39.33519\include\vcruntime.h(114,1): warning C4005: _CRT_WIDE: изменение макроопределения
  (компиляция исходного файла "passThrough.c")
  C:\Program Files (x86)\Windows Kits\10\Include\10.0.22621.0\km\crt\crtdefs.h(88,1):
  см. предыдущее определение "_CRT_WIDE"
  
C:\Program Files\Microsoft Visual Studio\2022\Community\VC\Tools\MSVC\14.39.33519\include\vcruntime.h(155,1): warning C4005: __CRTDECL: изменение макроопределения
  (компиляция исходного файла "passThrough.c")
  C:\Program Files (x86)\Windows Kits\10\Include\10.0.22621.0\km\crt\crtdefs.h(640,1):
  см. предыдущее определение "__CRTDECL"
  
C:\Program Files\Microsoft Visual Studio\2022\Community\VC\Tools\MSVC\14.39.33519\include\stdint.h(16,26): warning C4083: требуется ")"; обнаружен идентификатор "_VCRUNTIME_DISABLED_WARNINGS"
  (компиляция исходного файла "passThrough.c")
  
D:\VS_projects\win-driver\passThrough.c(692,50): warning C4047: функция: "uint8_t *" отличается по уровням косвенного обращения от "uint8_t (*)[256]"
D:\VS_projects\win-driver\passThrough.c(692,50): warning C4024: AES_CBC_encrypt_buffer: различные типы для формального и фактического параметров 2
D:\VS_projects\win-driver\passThrough.c(689,29): warning C4295: key: массив слишком мал и не может включать завершающий символ "null"
D:\VS_projects\win-driver\passThrough.c(690,29): warning C4295: iv: массив слишком мал и не может включать завершающий символ "null"
D:\VS_projects\win-driver\passThrough.c(854,50): warning C4047: функция: "uint8_t *" отличается по уровням косвенного обращения от "uint8_t (*)[256]"
D:\VS_projects\win-driver\passThrough.c(854,50): warning C4024: AES_CBC_decrypt_buffer: различные типы для формального и фактического параметров 2
D:\VS_projects\win-driver\passThrough.c(851,29): warning C4295: key: массив слишком мал и не может включать завершающий символ "null"
D:\VS_projects\win-driver\passThrough.c(852,29): warning C4295: iv: массив слишком мал и не может включать завершающий символ "null"
  Создание кода...
